2021-11-14 13:49:21,873 : Client Address:  127.0.0.1 Port No.:  56778 Request:  GET /website/index.html HTTP/1.1
Host: localhost:9000
User-Agent: Mozilla/5.0 (X11; Ubuntu; Linux x86_64; rv:93.0) Gecko/20100101 Firefox/93.0
Accept: text/html,application/xhtml+xml,application/xml;q=0.9,image/avif,image/webp,*/*;q=0.8
Accept-Language: en-US,en;q=0.5
Accept-Encoding: gzip, deflate
Connection: keep-alive
Upgrade-Insecure-Requests: 1
Sec-Fetch-Dest: document
Sec-Fetch-Mode: navigate
Sec-Fetch-Site: none
Sec-Fetch-User: ?1



2021-11-14 13:49:22,490 : Client Address:  127.0.0.1 Port No.:  56780 Request:  GET /favicon.ico HTTP/1.1
Host: localhost:9000
User-Agent: Mozilla/5.0 (X11; Ubuntu; Linux x86_64; rv:93.0) Gecko/20100101 Firefox/93.0
Accept: image/avif,image/webp,*/*
Accept-Language: en-US,en;q=0.5
Accept-Encoding: gzip, deflate
Connection: keep-alive
Referer: http://localhost:9000/website/index.html
Sec-Fetch-Dest: image
Sec-Fetch-Mode: no-cors
Sec-Fetch-Site: same-origin



2021-11-14 13:49:26,100 : Client Address:  127.0.0.1 Port No.:  56782 Request:  GET /website/signup.html HTTP/1.1
Host: localhost:9000
User-Agent: Mozilla/5.0 (X11; Ubuntu; Linux x86_64; rv:93.0) Gecko/20100101 Firefox/93.0
Accept: text/html,application/xhtml+xml,application/xml;q=0.9,image/avif,image/webp,*/*;q=0.8
Accept-Language: en-US,en;q=0.5
Accept-Encoding: gzip, deflate
Connection: keep-alive
Referer: http://localhost:9000/website/index.html
Upgrade-Insecure-Requests: 1
Sec-Fetch-Dest: document
Sec-Fetch-Mode: navigate
Sec-Fetch-Site: same-origin
Sec-Fetch-User: ?1



2021-11-14 13:49:26,383 : Client Address:  127.0.0.1 Port No.:  56784 Request:  GET /favicon.ico HTTP/1.1
Host: localhost:9000
User-Agent: Mozilla/5.0 (X11; Ubuntu; Linux x86_64; rv:93.0) Gecko/20100101 Firefox/93.0
Accept: image/avif,image/webp,*/*
Accept-Language: en-US,en;q=0.5
Accept-Encoding: gzip, deflate
Connection: keep-alive
Referer: http://localhost:9000/website/signup.html
Sec-Fetch-Dest: image
Sec-Fetch-Mode: no-cors
Sec-Fetch-Site: same-origin



2021-11-14 13:49:45,348 : Client Address:  127.0.0.1 Port No.:  56786 Request:  GET /website/signup.html HTTP/1.1
Host: localhost:9000
User-Agent: Mozilla/5.0 (X11; Ubuntu; Linux x86_64; rv:93.0) Gecko/20100101 Firefox/93.0
Accept: text/html,application/xhtml+xml,application/xml;q=0.9,image/avif,image/webp,*/*;q=0.8
Accept-Language: en-US,en;q=0.5
Accept-Encoding: gzip, deflate
Referer: http://localhost:9000/website/index.html
Connection: keep-alive
Upgrade-Insecure-Requests: 1
Sec-Fetch-Dest: document
Sec-Fetch-Mode: navigate
Sec-Fetch-Site: same-origin
Sec-Fetch-User: ?1
If-Modified-Since: Sun,Nov1413:46:292021
Cache-Control: max-age=0



2021-11-14 13:49:45,618 : Client Address:  127.0.0.1 Port No.:  56788 Request:  GET /favicon.ico HTTP/1.1
Host: localhost:9000
User-Agent: Mozilla/5.0 (X11; Ubuntu; Linux x86_64; rv:93.0) Gecko/20100101 Firefox/93.0
Accept: image/avif,image/webp,*/*
Accept-Language: en-US,en;q=0.5
Accept-Encoding: gzip, deflate
Connection: keep-alive
Referer: http://localhost:9000/website/signup.html
Sec-Fetch-Dest: image
Sec-Fetch-Mode: no-cors
Sec-Fetch-Site: same-origin
Cache-Control: max-age=0



2021-11-14 13:49:46,730 : Client Address:  127.0.0.1 Port No.:  56790 Request:  GET /favicon.ico HTTP/1.1
Host: localhost:9000
User-Agent: Mozilla/5.0 (X11; Ubuntu; Linux x86_64; rv:93.0) Gecko/20100101 Firefox/93.0
Accept: image/avif,image/webp,*/*
Accept-Language: en-US,en;q=0.5
Accept-Encoding: gzip, deflate
Connection: keep-alive
Referer: http://localhost:9000/website/index.html
Sec-Fetch-Dest: image
Sec-Fetch-Mode: no-cors
Sec-Fetch-Site: same-origin



2021-11-14 13:49:47,789 : Client Address:  127.0.0.1 Port No.:  56792 Request:  GET /website/login.html HTTP/1.1
Host: localhost:9000
User-Agent: Mozilla/5.0 (X11; Ubuntu; Linux x86_64; rv:93.0) Gecko/20100101 Firefox/93.0
Accept: text/html,application/xhtml+xml,application/xml;q=0.9,image/avif,image/webp,*/*;q=0.8
Accept-Language: en-US,en;q=0.5
Accept-Encoding: gzip, deflate
Connection: keep-alive
Referer: http://localhost:9000/website/index.html
Upgrade-Insecure-Requests: 1
Sec-Fetch-Dest: document
Sec-Fetch-Mode: navigate
Sec-Fetch-Site: same-origin
Sec-Fetch-User: ?1



2021-11-14 13:49:48,145 : Client Address:  127.0.0.1 Port No.:  56794 Request:  GET /website/avatar.png HTTP/1.1
Host: localhost:9000
User-Agent: Mozilla/5.0 (X11; Ubuntu; Linux x86_64; rv:93.0) Gecko/20100101 Firefox/93.0
Accept: image/avif,image/webp,*/*
Accept-Language: en-US,en;q=0.5
Accept-Encoding: gzip, deflate
Connection: keep-alive
Referer: http://localhost:9000/website/login.html
Sec-Fetch-Dest: image
Sec-Fetch-Mode: no-cors
Sec-Fetch-Site: same-origin



2021-11-14 13:49:48,297 : Client Address:  127.0.0.1 Port No.:  56796 Request:  GET /favicon.ico HTTP/1.1
Host: localhost:9000
User-Agent: Mozilla/5.0 (X11; Ubuntu; Linux x86_64; rv:93.0) Gecko/20100101 Firefox/93.0
Accept: image/avif,image/webp,*/*
Accept-Language: en-US,en;q=0.5
Accept-Encoding: gzip, deflate
Connection: keep-alive
Referer: http://localhost:9000/website/login.html
Sec-Fetch-Dest: image
Sec-Fetch-Mode: no-cors
Sec-Fetch-Site: same-origin



